Usage: celery [OPTIONS] COMMAND [ARGS]...
Try 'celery --help' for help.

Error: Invalid value for '-A' / '--app': 
Unable to load celery application.
While trying to load the module railcars_automatization.automate_railcar_tasks the following error occurred:
Traceback (most recent call last):
  File "/mnt/ks/Works/railcars/railcars_new/railcars/lib/python3.10/site-packages/celery/bin/celery.py", line 58, in convert
    return find_app(value)
  File "/mnt/ks/Works/railcars/railcars_new/railcars/lib/python3.10/site-packages/celery/app/utils.py", line 383, in find_app
    sym = symbol_by_name(app, imp=imp)
  File "/mnt/ks/Works/railcars/railcars_new/railcars/lib/python3.10/site-packages/kombu/utils/imports.py", line 59, in symbol_by_name
    module = imp(module_name, package=package, **kwargs)
  File "/mnt/ks/Works/railcars/railcars_new/railcars/lib/python3.10/site-packages/celery/utils/imports.py", line 109, in import_from_cwd
    return imp(module, package=package)
  File "/home/user/anaconda3/lib/python3.10/importlib/__init__.py", line 126, in import_module
    return _bootstrap._gcd_import(name[level:], package, level)
  File "<frozen importlib._bootstrap>", line 1050, in _gcd_import
  File "<frozen importlib._bootstrap>", line 1027, in _find_and_load
  File "<frozen importlib._bootstrap>", line 1004, in _find_and_load_unlocked
ModuleNotFoundError: No module named 'railcars_automatization'

Usage: celery [OPTIONS] COMMAND [ARGS]...
Try 'celery --help' for help.

Error: Invalid value for '-A' / '--app': 
Unable to load celery application.
While trying to load the module railcars_automatization.automate_railcar_tasks the following error occurred:
Traceback (most recent call last):
  File "/mnt/ks/Works/railcars/railcars_new/railcars/lib/python3.10/site-packages/celery/bin/celery.py", line 58, in convert
    return find_app(value)
  File "/mnt/ks/Works/railcars/railcars_new/railcars/lib/python3.10/site-packages/celery/app/utils.py", line 383, in find_app
    sym = symbol_by_name(app, imp=imp)
  File "/mnt/ks/Works/railcars/railcars_new/railcars/lib/python3.10/site-packages/kombu/utils/imports.py", line 59, in symbol_by_name
    module = imp(module_name, package=package, **kwargs)
  File "/mnt/ks/Works/railcars/railcars_new/railcars/lib/python3.10/site-packages/celery/utils/imports.py", line 109, in import_from_cwd
    return imp(module, package=package)
  File "/home/user/anaconda3/lib/python3.10/importlib/__init__.py", line 126, in import_module
    return _bootstrap._gcd_import(name[level:], package, level)
  File "<frozen importlib._bootstrap>", line 1050, in _gcd_import
  File "<frozen importlib._bootstrap>", line 1027, in _find_and_load
  File "<frozen importlib._bootstrap>", line 1004, in _find_and_load_unlocked
ModuleNotFoundError: No module named 'railcars_automatization'

